\BOOKMARK [0][-]{chapter.1}{Introduction}{}% 1
\BOOKMARK [1][-]{section.1.1}{Summary\040of\040the\040Problem}{chapter.1}% 2
\BOOKMARK [1][-]{section.1.2}{Generalities}{chapter.1}% 3
\BOOKMARK [1][-]{section.1.3}{Specifications}{chapter.1}% 4
\BOOKMARK [0][-]{chapter.2}{Analyses}{}% 5
\BOOKMARK [1][-]{section.2.1}{Existing\040Applications\040/\040Market\040Studies}{chapter.2}% 6
\BOOKMARK [1][-]{section.2.2}{Technologies}{chapter.2}% 7
\BOOKMARK [2][-]{subsection.2.2.1}{Scala}{section.2.2}% 8
\BOOKMARK [2][-]{subsection.2.2.2}{Play\040Framework}{section.2.2}% 9
\BOOKMARK [2][-]{subsection.2.2.3}{Twitter's\040APIs}{section.2.2}% 10
\BOOKMARK [2][-]{subsection.2.2.4}{Interesting\040Twitter's\040Subjects}{section.2.2}% 11
\BOOKMARK [2][-]{subsection.2.2.5}{Twitter4J}{section.2.2}% 12
\BOOKMARK [2][-]{subsection.2.2.6}{Geolocation\040Features}{section.2.2}% 13
\BOOKMARK [2][-]{subsection.2.2.7}{Data\040Grouping}{section.2.2}% 14
\BOOKMARK [1][-]{section.2.3}{Prototype\040Applications}{chapter.2}% 15
\BOOKMARK [2][-]{subsection.2.3.1}{Leaflet}{section.2.3}% 16
\BOOKMARK [2][-]{subsection.2.3.2}{Leaflet\040-\040Countries'\040Borders}{section.2.3}% 17
\BOOKMARK [2][-]{subsection.2.3.3}{Twitter4JDesktop}{section.2.3}% 18
\BOOKMARK [2][-]{subsection.2.3.4}{Leaflet\040and\040Twitter4J}{section.2.3}% 19
\BOOKMARK [2][-]{subsection.2.3.5}{Discussions}{section.2.3}% 20
\BOOKMARK [0][-]{chapter.3}{GeoTwit\040-\040Technical\040Documentation}{}% 21
\BOOKMARK [1][-]{section.3.1}{Mock-Up}{chapter.3}% 22
\BOOKMARK [1][-]{section.3.2}{Anatomy\040of\040the\040Application}{chapter.3}% 23
\BOOKMARK [1][-]{section.3.3}{Implementation\040Details\040-\040Server\040Side}{chapter.3}% 24
\BOOKMARK [2][-]{subsection.3.3.1}{UML\040Diagram\040of\040the\040Server}{section.3.3}% 25
\BOOKMARK [2][-]{subsection.3.3.2}{Behavior\040of\040the\040Views}{section.3.3}% 26
\BOOKMARK [2][-]{subsection.3.3.3}{Configuration}{section.3.3}% 27
\BOOKMARK [2][-]{subsection.3.3.4}{Routes}{section.3.3}% 28
\BOOKMARK [2][-]{subsection.3.3.5}{Sessions\040and\040Flash\040Scopes}{section.3.3}% 29
\BOOKMARK [2][-]{subsection.3.3.6}{Cache}{section.3.3}% 30
\BOOKMARK [2][-]{subsection.3.3.7}{Twitter4J}{section.3.3}% 31
\BOOKMARK [2][-]{subsection.3.3.8}{Connection\040Process}{section.3.3}% 32
\BOOKMARK [2][-]{subsection.3.3.9}{Actions\040Compositions}{section.3.3}% 33
\BOOKMARK [2][-]{subsection.3.3.10}{Web\040Sockets}{section.3.3}% 34
\BOOKMARK [2][-]{subsection.3.3.11}{Streaming\040Processes}{section.3.3}% 35
\BOOKMARK [2][-]{subsection.3.3.12}{Generation\040and\040Export\040of\040Files\040in\040Streaming\040Mode}{section.3.3}% 36
\BOOKMARK [2][-]{subsection.3.3.13}{Importing\040Generated\040Files}{section.3.3}% 37
\BOOKMARK [2][-]{subsection.3.3.14}{Retrieving\040of\040Static\040tweets}{section.3.3}% 38
\BOOKMARK [1][-]{section.3.4}{Implementation\040Details\040-\040Client\040Side}{chapter.3}% 39
\BOOKMARK [2][-]{subsection.3.4.1}{Both\040Streaming\040and\040Static\040Modes}{section.3.4}% 40
\BOOKMARK [2][-]{subsection.3.4.2}{Streaming\040Mode}{section.3.4}% 41
\BOOKMARK [2][-]{subsection.3.4.3}{Static\040Mode}{section.3.4}% 42
\BOOKMARK [0][-]{chapter.4}{Tests}{}% 43
\BOOKMARK [1][-]{section.4.1}{Functional\040Tests}{chapter.4}% 44
\BOOKMARK [2][-]{subsection.4.1.1}{Web\040Browsers\040-\040Compatibilities}{section.4.1}% 45
\BOOKMARK [1][-]{section.4.2}{Load\040Tests}{chapter.4}% 46
\BOOKMARK [1][-]{section.4.3}{Subjects\040Analyzed\040with\040the\040Streaming\040Mode}{chapter.4}% 47
\BOOKMARK [2][-]{subsection.4.3.1}{The\040"job"\040keyword}{section.4.3}% 48
\BOOKMARK [2][-]{subsection.4.3.2}{Subjects\040by\040Countries}{section.4.3}% 49
\BOOKMARK [2][-]{subsection.4.3.3}{Final\040Match\040of\040the\040Euro2016\040Event}{section.4.3}% 50
\BOOKMARK [2][-]{subsection.4.3.4}{Pokémon GO}{section.4.3}% 51
\BOOKMARK [2][-]{subsection.4.3.5}{Where\040are\040people\040going\040on\040vacation?}{section.4.3}% 52
\BOOKMARK [2][-]{subsection.4.3.6}{Ranking\040of\040the\040Countries\040by\040their\040Post\040Rates}{section.4.3}% 53
\BOOKMARK [0][-]{chapter.5}{Conclusions}{}% 54
\BOOKMARK [1][-]{section.5.1}{Achievements}{chapter.5}% 55
\BOOKMARK [2][-]{subsection.5.1.1}{Implementations}{section.5.1}% 56
\BOOKMARK [2][-]{subsection.5.1.2}{Known\040Issues}{section.5.1}% 57
\BOOKMARK [1][-]{section.5.2}{Future\040Extensions}{chapter.5}% 58
\BOOKMARK [1][-]{section.5.3}{Encountered\040Problems}{chapter.5}% 59
\BOOKMARK [2][-]{subsection.5.3.1}{Technical\040Problems}{section.5.3}% 60
\BOOKMARK [2][-]{subsection.5.3.2}{Organizational\040Problems}{section.5.3}% 61
\BOOKMARK [1][-]{section.5.4}{Final\040Discussions}{chapter.5}% 62
\BOOKMARK [0][-]{appendix.A}{Content\040of\040the\040Project's\040Package}{}% 63
\BOOKMARK [0][-]{appendix.B}{Instruction\040Manual}{}% 64
\BOOKMARK [1][-]{section.B.1}{Installation}{appendix.B}% 65
\BOOKMARK [1][-]{section.B.2}{Software\040Usage}{appendix.B}% 66
\BOOKMARK [2][-]{subsection.B.2.1}{Home\040Page}{section.B.2}% 67
\BOOKMARK [2][-]{subsection.B.2.2}{Search\040Pages}{section.B.2}% 68
\BOOKMARK [2][-]{subsection.B.2.3}{Dynamic\040Mode}{section.B.2}% 69
\BOOKMARK [2][-]{subsection.B.2.4}{Static\040Mode}{section.B.2}% 70
\BOOKMARK [0][-]{appendix.C}{Initial\040Specifications}{}% 71
\BOOKMARK [1][-]{section.C.1}{Functionalities}{appendix.C}% 72
\BOOKMARK [1][-]{section.C.2}{Tasks}{appendix.C}% 73
\BOOKMARK [1][-]{section.C.3}{Used\040Technologies}{appendix.C}% 74
\BOOKMARK [1][-]{section.C.4}{Future\040Extensions}{appendix.C}% 75
\BOOKMARK [0][-]{appendix.D}{Planning}{}% 76
\BOOKMARK [1][-]{section.D.1}{Initial\040Planning}{appendix.D}% 77
\BOOKMARK [1][-]{section.D.2}{Second\040Half\040Planning\040-\040Rescheduling}{appendix.D}% 78
\BOOKMARK [0][-]{appendix.E}{Logbook}{}% 79
